[14-Oct-2024 20:58:42] NOTICE: fpm is running, pid 87459
[14-Oct-2024 20:58:42] NOTICE: ready to handle connections
[14-Oct-2024 21:36:21] NOTICE: Terminating ...
[14-Oct-2024 21:36:21] NOTICE: Terminating ...
[14-Oct-2024 21:36:21] NOTICE: exiting, bye-bye!
[22-Oct-2024 18:37:00] NOTICE: fpm is running, pid 6797
[22-Oct-2024 18:37:00] NOTICE: ready to handle connections
[22-Oct-2024 20:36:14] NOTICE: Terminating ...
[22-Oct-2024 20:36:14] NOTICE: Terminating ...
[22-Oct-2024 20:36:14] NOTICE: exiting, bye-bye!
[23-Oct-2024 12:20:30] NOTICE: fpm is running, pid 12173
[23-Oct-2024 12:20:30] NOTICE: ready to handle connections
[23-Oct-2024 14:05:07] NOTICE: Terminating ...
[23-Oct-2024 14:05:07] NOTICE: Terminating ...
[23-Oct-2024 14:05:07] NOTICE: exiting, bye-bye!
[24-Oct-2024 16:47:32] NOTICE: fpm is running, pid 14445
[24-Oct-2024 16:47:32] NOTICE: ready to handle connections
[24-Oct-2024 17:02:36] NOTICE: Terminating ...
[24-Oct-2024 17:02:36] NOTICE: Terminating ...
[24-Oct-2024 17:02:36] NOTICE: exiting, bye-bye!
[24-Oct-2024 17:20:39] NOTICE: fpm is running, pid 18053
[24-Oct-2024 17:20:39] NOTICE: ready to handle connections
[24-Oct-2024 17:21:46] NOTICE: Terminating ...
[24-Oct-2024 17:21:46] NOTICE: Terminating ...
[24-Oct-2024 17:21:46] NOTICE: exiting, bye-bye!
[01-Nov-2024 18:17:41] NOTICE: fpm is running, pid 37137
[01-Nov-2024 18:17:41] NOTICE: ready to handle connections
[01-Nov-2024 19:08:30] NOTICE: Terminating ...
[01-Nov-2024 19:08:30] NOTICE: Terminating ...
[01-Nov-2024 19:08:30] NOTICE: exiting, bye-bye!
[02-Nov-2024 11:46:37] NOTICE: fpm is running, pid 40358
[02-Nov-2024 11:46:37] NOTICE: ready to handle connections
[02-Nov-2024 13:18:22] NOTICE: Terminating ...
[02-Nov-2024 13:18:22] NOTICE: Terminating ...
[02-Nov-2024 13:18:22] NOTICE: exiting, bye-bye!
[02-Nov-2024 17:04:26] NOTICE: fpm is running, pid 42939
[02-Nov-2024 17:04:26] NOTICE: ready to handle connections
[02-Nov-2024 18:43:57] NOTICE: Terminating ...
[02-Nov-2024 18:43:57] NOTICE: Terminating ...
[02-Nov-2024 18:43:57] NOTICE: exiting, bye-bye!
[02-Nov-2024 19:39:39] NOTICE: fpm is running, pid 44955
[02-Nov-2024 19:39:39] NOTICE: ready to handle connections
[02-Nov-2024 19:45:45] NOTICE: Terminating ...
[02-Nov-2024 19:45:45] NOTICE: Terminating ...
[02-Nov-2024 19:45:45] NOTICE: exiting, bye-bye!
[03-Nov-2024 12:16:04] NOTICE: fpm is running, pid 48371
[03-Nov-2024 12:16:04] NOTICE: ready to handle connections
[03-Nov-2024 12:16:21] NOTICE: Terminating ...
[03-Nov-2024 12:16:21] NOTICE: Terminating ...
[03-Nov-2024 12:16:21] NOTICE: exiting, bye-bye!
[03-Nov-2024 12:16:23] NOTICE: fpm is running, pid 48420
[03-Nov-2024 12:16:23] NOTICE: ready to handle connections
[03-Nov-2024 12:16:42] NOTICE: Terminating ...
[03-Nov-2024 12:16:42] NOTICE: Terminating ...
[03-Nov-2024 12:16:42] NOTICE: exiting, bye-bye!
[03-Nov-2024 12:47:09] NOTICE: fpm is running, pid 48800
[03-Nov-2024 12:47:09] NOTICE: ready to handle connections
[03-Nov-2024 14:07:28] NOTICE: Terminating ...
[03-Nov-2024 14:07:28] NOTICE: Terminating ...
[03-Nov-2024 14:07:28] NOTICE: exiting, bye-bye!
[03-Nov-2024 19:11:17] NOTICE: fpm is running, pid 51532
[03-Nov-2024 19:11:17] NOTICE: ready to handle connections
[03-Nov-2024 20:47:21] NOTICE: Terminating ...
[03-Nov-2024 20:47:21] NOTICE: Terminating ...
[03-Nov-2024 20:47:21] NOTICE: exiting, bye-bye!
[04-Nov-2024 19:16:57] NOTICE: fpm is running, pid 54547
[04-Nov-2024 19:16:57] NOTICE: ready to handle connections
[04-Nov-2024 20:38:00] NOTICE: Terminating ...
[04-Nov-2024 20:38:00] NOTICE: Terminating ...
[04-Nov-2024 20:38:00] NOTICE: exiting, bye-bye!
[06-Nov-2024 13:24:08] NOTICE: fpm is running, pid 59570
[06-Nov-2024 13:24:08] NOTICE: ready to handle connections
[06-Nov-2024 15:20:58] NOTICE: Terminating ...
[06-Nov-2024 15:20:58] NOTICE: Terminating ...
[06-Nov-2024 15:20:58] NOTICE: exiting, bye-bye!
[07-Nov-2024 17:16:46] NOTICE: fpm is running, pid 66192
[07-Nov-2024 17:16:46] NOTICE: ready to handle connections
[07-Nov-2024 18:47:50] NOTICE: Terminating ...
[07-Nov-2024 18:47:50] NOTICE: Terminating ...
[07-Nov-2024 18:47:50] NOTICE: exiting, bye-bye!
[14-Nov-2024 17:37:06] NOTICE: fpm is running, pid 87510
[14-Nov-2024 17:37:06] NOTICE: ready to handle connections
[14-Nov-2024 19:07:24] NOTICE: Terminating ...
[14-Nov-2024 19:07:24] NOTICE: Terminating ...
[14-Nov-2024 19:07:24] NOTICE: exiting, bye-bye!
[14-Nov-2024 19:19:29] NOTICE: fpm is running, pid 89672
[14-Nov-2024 19:19:29] NOTICE: ready to handle connections
[14-Nov-2024 20:22:44] NOTICE: Terminating ...
[14-Nov-2024 20:22:44] NOTICE: Terminating ...
[14-Nov-2024 20:22:44] NOTICE: exiting, bye-bye!
[20-Nov-2024 17:58:50] NOTICE: fpm is running, pid 20022
[20-Nov-2024 17:58:50] NOTICE: ready to handle connections
